
[2024-01-30T13:37:24.454948+00:00] pizza.shop.commande.INFO: test [] []
[2024-01-30T13:37:42.366137+00:00] pizza.shop.commande.INFO: test [] []
[2024-01-30T13:38:32.347081+00:00] pizza.shop.commande.INFO: test [] []
[2024-01-30T13:38:44.818160+00:00] pizza.shop.commande.INFO: test [] []
[2024-01-30T13:39:10.058525+00:00] pizza.shop.commande.INFO: test [] []
[2024-01-30T13:40:31.764720+00:00] pizza.shop.commande.INFO: test [] []
[2024-01-30T13:41:25.289149+00:00] pizza.shop.commande.INFO: test [] []
[2024-01-30T13:42:36.433993+00:00] pizza.shop.commande.INFO: test [] []
[2024-01-30T13:43:46.249149+00:00] pizza.shop.commande.INFO: test [] []
[2024-01-30T13:43:56.965105+00:00] pizza.shop.commande.INFO: test [] []
[2024-01-30T13:44:17.427481+00:00] pizza.shop.commande.INFO: test [] []
[2024-01-30T13:44:23.225299+00:00] pizza.shop.commande.INFO: test [] []
[2024-01-30T13:44:29.823170+00:00] pizza.shop.commande.INFO: test [] []
[2024-01-30T13:44:34.508603+00:00] pizza.shop.commande.INFO: test [] []
[2024-01-30T13:44:42.762017+00:00] pizza.shop.commande.INFO: test [] []
[2024-01-30T13:45:18.835284+00:00] pizza.shop.commande.INFO: test [] []
[2024-01-30T13:45:19.542371+00:00] pizza.shop.commande.INFO: test [] []
[2024-01-30T13:46:58.099661+00:00] pizza.shop.commande.INFO: test [] []
[2024-01-30T13:47:12.100211+00:00] pizza.shop.commande.INFO: test [] []
[2024-01-30T13:48:13.637160+00:00] pizza.shop.commande.INFO: test [] []
[2024-01-30T13:49:47.272584+00:00] pizza.shop.commande.INFO: test [] []
[2024-01-30T13:50:18.411643+00:00] pizza.shop.commande.INFO: test [] []
[2024-01-30T13:51:53.231665+00:00] pizza.shop.commande.INFO: test [] []
[2024-01-30T13:52:29.477801+00:00] pizza.shop.commande.INFO: test [] []
[2024-01-30T13:53:46.821085+00:00] pizza.shop.commande.INFO: test [] []
[2024-01-30T13:53:56.986195+00:00] pizza.shop.commande.INFO: test [] []
[2024-01-30T13:54:18.582237+00:00] pizza.shop.commande.INFO: test [] []
[2024-01-30T13:54:39.647310+00:00] pizza.shop.commande.INFO: test [] []
[2024-01-30T13:56:02.603818+00:00] pizza.shop.commande.INFO: test [] []
[2024-01-30T13:56:47.342932+00:00] pizza.shop.commande.INFO: test [] []
[2024-01-30T13:58:39.609681+00:00] pizza.shop.commande.INFO: test [] []
[2024-01-30T13:59:36.005238+00:00] pizza.shop.commande.INFO: test [] []
[2024-01-30T14:01:14.120950+00:00] pizza.shop.commande.INFO: test [] []
[2024-01-30T14:01:35.112590+00:00] pizza.shop.commande.INFO: test [] []
[2024-01-30T14:03:30.306707+00:00] pizza.shop.commande.INFO: test [] []
[2024-01-30T14:04:15.687032+00:00] pizza.shop.commande.INFO: test [] []
[2024-01-30T14:05:19.445970+00:00] pizza.shop.commande.INFO: test [] []
[2024-01-30T14:05:41.458529+00:00] pizza.shop.commande.INFO: test [] []
[2024-01-30T14:10:55.874040+00:00] pizza.shop.commande.INFO: test [] []
[2024-01-30T14:11:54.111538+00:00] pizza.shop.commande.INFO: test [] []
[2024-01-30T14:12:18.130871+00:00] pizza.shop.commande.INFO: test [] []
[2024-01-30T14:13:22.587370+00:00] pizza.shop.commande.INFO: test [] []
[2024-01-30T14:14:07.515780+00:00] pizza.shop.commande.INFO: test [] []
[2024-01-30T14:14:42.928418+00:00] pizza.shop.commande.INFO: test [] []
[2024-01-30T14:16:59.768777+00:00] pizza.shop.commande.INFO: test [] []
[2024-01-30T14:18:38.782318+00:00] pizza.shop.commande.INFO: test [] []
[2024-01-30T14:19:05.022085+00:00] pizza.shop.commande.INFO: test [] []
[2024-01-30T14:19:30.617557+00:00] pizza.shop.commande.INFO: test [] []
[2024-01-30T14:19:37.665801+00:00] pizza.shop.commande.INFO: test [] []
[2024-01-30T14:25:15.322686+00:00] pizza.shop.commande.INFO: test [] []
[2024-01-30T14:26:03.579788+00:00] pizza.shop.commande.INFO: test [] []
[2024-01-30T14:26:19.669388+00:00] pizza.shop.commande.INFO: test [] []
[2024-01-30T14:28:55.388523+00:00] pizza.shop.commande.INFO: test [] []
[2024-01-30T14:29:05.688370+00:00] pizza.shop.commande.INFO: test [] []
[2024-01-30T14:29:17.113594+00:00] pizza.shop.commande.INFO: test [] []
[2024-01-30T14:29:28.420894+00:00] pizza.shop.commande.INFO: test [] []
[2024-01-30T14:29:47.683148+00:00] pizza.shop.commande.INFO: test [] []
[2024-01-30T14:29:47.709708+00:00] pizza.shop.commande.INFO: La commande  est passer à l'état VALIDE [] []
[2024-01-30T14:30:20.812759+00:00] pizza.shop.commande.INFO: test [] []
[2024-01-30T14:31:14.970101+00:00] pizza.shop.commande.INFO: test [] []
[2024-01-30T14:31:14.995514+00:00] pizza.shop.commande.INFO: La commande eedeea63-4032-3b84-af42-3c257d5c3c33 est passer à l'état VALIDE [] []
[2024-01-30T15:48:28.546186+00:00] pizza.shop.commande.INFO: test [] []
[2024-01-30T16:05:48.529962+00:00] pizza.shop.commande.INFO: test [] []
[2024-01-30T16:20:30.283251+00:00] pizza.shop.commande.INFO: test [] []
[2024-01-30T16:22:20.694086+00:00] pizza.shop.commande.INFO: test [] []
[2024-01-30T16:23:38.242388+00:00] pizza.shop.commande.INFO: test [] []
[2024-01-30T16:25:02.873460+00:00] pizza.shop.commande.INFO: test [] []
[2024-01-30T16:25:47.360878+00:00] pizza.shop.commande.INFO: test [] []
[2024-01-30T16:26:11.456819+00:00] pizza.shop.commande.INFO: test [] []
[2024-01-30T16:26:33.989943+00:00] pizza.shop.commande.INFO: test [] []
[2024-01-30T16:28:39.601269+00:00] pizza.shop.commande.INFO: test [] []
[2024-01-30T16:29:10.639363+00:00] pizza.shop.commande.INFO: test [] []
[2024-01-30T16:32:27.526940+00:00] pizza.shop.commande.INFO: test [] []
[2024-01-30T16:33:53.037036+00:00] pizza.shop.commande.INFO: test [] []
[2024-01-30T16:34:31.821780+00:00] pizza.shop.commande.INFO: test [] []
[2024-01-30T16:36:38.729994+00:00] pizza.shop.commande.INFO: test [] []
[2024-01-30T16:38:45.209671+00:00] pizza.shop.commande.INFO: test [] []
[2024-01-30T16:39:26.852952+00:00] pizza.shop.commande.INFO: test [] []
[2024-01-30T16:40:26.883579+00:00] pizza.shop.commande.INFO: test [] []
[2024-01-30T16:40:40.886012+00:00] pizza.shop.commande.INFO: test [] []
[2024-01-30T16:41:46.555300+00:00] pizza.shop.commande.INFO: test [] []
[2024-01-30T16:47:12.875191+00:00] pizza.shop.commande.INFO: test [] []
[2024-01-30T16:48:16.555534+00:00] pizza.shop.commande.INFO: test [] []
[2024-01-30T16:48:58.942809+00:00] pizza.shop.commande.INFO: test [] []
[2024-01-30T16:49:09.525052+00:00] pizza.shop.commande.INFO: test [] []
[2024-01-30T16:50:52.542539+00:00] pizza.shop.commande.INFO: test [] []
[2024-01-30T16:51:19.010266+00:00] pizza.shop.commande.INFO: test [] []
[2024-01-30T16:52:02.123162+00:00] pizza.shop.commande.INFO: test [] []
[2024-01-30T16:55:25.692720+00:00] pizza.shop.commande.INFO: test [] []
[2024-02-01T23:43:05.587085+00:00] pizza.shop.commande.INFO: test [] []
[2024-02-01T23:44:47.077760+00:00] pizza.shop.commande.INFO: test [] []
[2024-02-01T23:46:15.691667+00:00] pizza.shop.commande.INFO: test [] []
[2024-02-01T23:50:33.068017+00:00] pizza.shop.commande.INFO: test [] []
[2024-02-01T23:50:55.734745+00:00] pizza.shop.commande.INFO: test [] []
[2024-02-01T23:51:54.241969+00:00] pizza.shop.commande.INFO: test [] []
[2024-02-01T23:52:12.914718+00:00] pizza.shop.commande.INFO: test [] []
[2024-02-01T23:52:41.007758+00:00] pizza.shop.commande.INFO: test [] []
[2024-02-01T23:54:05.611986+00:00] pizza.shop.commande.INFO: test [] []
[2024-02-01T23:54:23.697378+00:00] pizza.shop.commande.INFO: test [] []
[2024-02-01T23:55:15.239146+00:00] pizza.shop.commande.INFO: test [] []
[2024-02-01T23:56:15.188632+00:00] pizza.shop.commande.INFO: test [] []
[2024-02-01T23:56:26.577371+00:00] pizza.shop.commande.INFO: test [] []
[2024-02-01T23:57:32.336589+00:00] pizza.shop.commande.INFO: test [] []
[2024-02-01T23:57:52.241926+00:00] pizza.shop.commande.INFO: test [] []
[2024-02-01T23:58:07.943282+00:00] pizza.shop.commande.INFO: test [] []
[2024-02-01T23:58:46.403191+00:00] pizza.shop.commande.INFO: test [] []
[2024-02-02T00:00:23.180081+00:00] pizza.shop.commande.INFO: test [] []
[2024-02-02T00:02:19.855219+00:00] pizza.shop.commande.INFO: test [] []
[2024-02-02T00:04:39.286082+00:00] pizza.shop.commande.INFO: test [] []
[2024-02-05T17:31:38.931320+00:00] pizza.shop.commande.INFO: test [] []
[2024-02-05T17:34:46.608493+00:00] pizza.shop.commande.INFO: test [] []
[2024-02-05T17:39:19.425081+00:00] pizza.shop.commande.INFO: test [] []
[2024-02-05T17:39:35.866485+00:00] pizza.shop.commande.INFO: test [] []
[2024-02-05T17:39:56.837884+00:00] pizza.shop.commande.INFO: test [] []
[2024-02-05T17:40:09.178727+00:00] pizza.shop.commande.INFO: test [] []
[2024-02-05T17:42:29.131031+00:00] pizza.shop.commande.INFO: test [] []
[2024-02-05T17:43:01.903216+00:00] pizza.shop.commande.INFO: test [] []
[2024-02-05T17:44:15.969372+00:00] pizza.shop.commande.INFO: test [] []
[2024-02-05T17:44:30.157301+00:00] pizza.shop.commande.INFO: test [] []
[2024-02-05T17:47:23.016174+00:00] pizza.shop.commande.INFO: test [] []
[2024-02-05T17:49:41.446867+00:00] pizza.shop.commande.INFO: test [] []
[2024-02-05T17:50:38.889206+00:00] pizza.shop.commande.INFO: test [] []
[2024-02-05T18:04:24.596163+00:00] pizza.shop.commande.INFO: test [] []
[2024-02-05T18:04:24.627448+00:00] pizza.shop.commande.INFO: Nouvelle commande ajouter avec l'id 74246e99-743f-4670-97e0-c1a55487a07e [] []
[2024-02-05T18:05:21.186401+00:00] pizza.shop.commande.INFO: test [] []
[2024-02-05T18:05:21.216691+00:00] pizza.shop.commande.INFO: Nouvelle commande ajouter avec l'id b2e9378d-3e58-4785-ae4a-e3d500e3a28e [] []
[2024-02-05T18:06:00.673081+00:00] pizza.shop.commande.INFO: test [] []
[2024-02-05T18:06:00.696305+00:00] pizza.shop.commande.INFO: Nouvelle commande ajouter avec l'id 01db1101-430d-4c07-9469-71923e2fecaa [] []
[2024-02-05T18:06:14.508369+00:00] pizza.shop.commande.INFO: test [] []
[2024-02-05T18:06:14.540156+00:00] pizza.shop.commande.INFO: Nouvelle commande ajouter avec l'id 97feca11-f918-48f8-8685-4bfd802526e6 [] []
[2024-02-05T18:06:14.542129+00:00] pizza.shop.commande.INFO: L'item avec l'id 8b933eb8-56a4-4f86-9903-e1b0c17fcd5b a était associer à la commande avec l'id 97feca11-f918-48f8-8685-4bfd802526e6 [] []
[2024-02-05T18:11:05.895609+00:00] pizza.shop.commande.INFO: test [] []
[2024-02-05T18:11:05.921658+00:00] pizza.shop.commande.INFO: Nouvelle commande ajouter avec l'id 24ddf373-755d-47ab-9f9f-9fac7186199d [] []
[2024-02-05T18:12:34.577906+00:00] pizza.shop.commande.INFO: test [] []
[2024-02-05T18:12:34.603542+00:00] pizza.shop.commande.INFO: Nouvelle commande ajouter avec l'id ee9dafd0-3ea7-4f38-8b0a-fff828e80054 [] []
[2024-02-05T18:15:07.355048+00:00] pizza.shop.commande.INFO: test [] []
[2024-02-05T18:15:07.386592+00:00] pizza.shop.commande.INFO: Nouvelle commande ajouter avec l'id 5ce902d9-1517-4e6d-9316-7dbd56fe737d [] []
[2024-02-05T18:15:53.419329+00:00] pizza.shop.commande.INFO: test [] []
[2024-02-05T18:15:53.444334+00:00] pizza.shop.commande.INFO: Nouvelle commande ajouter avec l'id 03992f45-9443-47e8-ab1b-b3d2bd4b4c70 [] []
[2024-02-05T18:17:28.760946+00:00] pizza.shop.commande.INFO: test [] []
[2024-02-05T18:17:28.791696+00:00] pizza.shop.commande.INFO: Nouvelle commande ajouter avec l'id 8dfa17ad-ade7-4b3e-807f-ebfb25a416a1 [] []
[2024-02-05T18:22:03.164719+00:00] pizza.shop.commande.INFO: test [] []
[2024-02-05T18:22:03.194374+00:00] pizza.shop.commande.INFO: Nouvelle commande ajouter avec l'id 2df8a67c-252a-43c7-8a01-10e0937e27a2 [] []
[2024-02-05T18:26:15.362911+00:00] pizza.shop.commande.INFO: test [] []
[2024-02-05T18:26:15.387332+00:00] pizza.shop.commande.INFO: Nouvelle commande ajouter avec l'id a0752849-8068-412a-b482-f073ecef8f86 [] []
[2024-02-05T18:28:28.687046+00:00] pizza.shop.commande.INFO: test [] []
[2024-02-05T18:28:28.711536+00:00] pizza.shop.commande.INFO: Nouvelle commande ajouter avec l'id 4166bad8-5e3a-4859-8150-3198673f499a [] []
[2024-02-05T18:28:54.895737+00:00] pizza.shop.commande.INFO: test [] []
[2024-02-05T18:28:54.925337+00:00] pizza.shop.commande.INFO: Nouvelle commande ajouter avec l'id bd88b259-e2fb-4205-88e8-cd54d06d4834 [] []
[2024-02-05T18:31:37.753534+00:00] pizza.shop.commande.INFO: test [] []
[2024-02-05T18:33:27.476458+00:00] pizza.shop.commande.INFO: test [] []
[2024-02-05T18:33:52.483372+00:00] pizza.shop.commande.INFO: test [] []
[2024-02-05T18:34:04.774716+00:00] pizza.shop.commande.INFO: test [] []
[2024-02-05T18:34:28.598111+00:00] pizza.shop.commande.INFO: test [] []
[2024-02-05T18:34:54.470352+00:00] pizza.shop.commande.INFO: test [] []
[2024-02-05T18:35:19.078911+00:00] pizza.shop.commande.INFO: test [] []
[2024-02-05T18:35:26.275937+00:00] pizza.shop.commande.INFO: test [] []
[2024-02-05T21:11:29.920353+00:00] pizza.shop.commande.INFO: test [] []
[2024-02-05T21:12:07.860584+00:00] pizza.shop.commande.INFO: test [] []
[2024-02-05T21:12:26.257172+00:00] pizza.shop.commande.INFO: test [] []
[2024-02-05T21:13:15.324391+00:00] pizza.shop.commande.INFO: test [] []
[2024-02-05T21:13:15.351542+00:00] pizza.shop.commande.INFO: Nouvelle commande ajouter avec l'id 2c9d2838-ea4a-4c31-85fc-d1235cd3c129 [] []
[2024-02-05T21:13:15.354521+00:00] pizza.shop.commande.INFO: L'item avec l'id  a était associer à la commande avec l'id 2c9d2838-ea4a-4c31-85fc-d1235cd3c129 [] []
[2024-02-05T21:20:05.748538+00:00] pizza.shop.commande.INFO: test [] []
[2024-02-05T21:20:05.775000+00:00] pizza.shop.commande.INFO: Nouvelle commande ajouter avec l'id 7697a562-2871-4a3d-972e-d338cffd3b14 [] []
[2024-02-05T21:20:05.778186+00:00] pizza.shop.commande.INFO: L'item avec l'id  a était associer à la commande avec l'id 7697a562-2871-4a3d-972e-d338cffd3b14 [] []
[2024-02-05T21:20:51.120740+00:00] pizza.shop.commande.INFO: test [] []
[2024-02-05T21:20:51.162546+00:00] pizza.shop.commande.INFO: Nouvelle commande ajouter avec l'id 8204ec80-2656-423b-9b4f-1ef39bf137e9 [] []
[2024-02-05T21:20:51.164576+00:00] pizza.shop.commande.INFO: L'item avec l'id  a était associer à la commande avec l'id 8204ec80-2656-423b-9b4f-1ef39bf137e9 [] []
[2024-02-05T21:22:38.894356+00:00] pizza.shop.commande.INFO: test [] []
[2024-02-05T21:22:38.927250+00:00] pizza.shop.commande.INFO: Nouvelle commande ajouter avec l'id 457ded4a-092a-458e-8482-db33287a0c96 [] []
[2024-02-05T21:22:38.930366+00:00] pizza.shop.commande.INFO: L'item n° 2 a était associer à la commande avec l'id 457ded4a-092a-458e-8482-db33287a0c96 [] []
[2024-02-06T22:19:39.674096+00:00] pizza.shop.commande.INFO: test [] []
[2024-02-08T22:07:31.652328+00:00] pizza.shop.commande.INFO: test [] []
[2024-02-08T22:15:26.143459+00:00] pizza.shop.commande.INFO: test [] []
[2024-02-08T22:16:30.090381+00:00] pizza.shop.commande.INFO: test [] []
[2024-02-08T22:16:46.642788+00:00] pizza.shop.commande.INFO: test [] []
[2024-02-08T22:20:11.883519+00:00] pizza.shop.commande.INFO: test [] []
[2024-02-08T22:20:39.109434+00:00] pizza.shop.commande.INFO: test [] []
[2024-02-08T22:46:55.436516+00:00] pizza.shop.commande.INFO: test [] []
[2024-02-08T22:47:41.135069+00:00] pizza.shop.commande.INFO: test [] []
[2024-02-08T23:48:15.289583+00:00] pizza.shop.commande.INFO: test [] []
[2024-02-09T00:07:09.518729+00:00] pizza.shop.commande.INFO: test [] []
[2024-02-09T00:37:50.716687+00:00] pizza.shop.commande.INFO: test [] []
[2024-02-09T00:46:46.044053+00:00] pizza.shop.commande.INFO: test [] []
[2024-02-09T00:46:58.048847+00:00] pizza.shop.commande.INFO: test [] []
[2024-02-09T00:49:57.594842+00:00] pizza.shop.commande.INFO: test [] []
[2024-02-09T00:51:41.269876+00:00] pizza.shop.commande.INFO: test [] []
[2024-02-09T00:58:29.923336+00:00] pizza.shop.commande.INFO: test [] []
[2024-02-09T01:01:40.979155+00:00] pizza.shop.commande.INFO: test [] []
[2024-02-09T01:02:09.148763+00:00] pizza.shop.commande.INFO: test [] []
[2024-02-09T01:02:21.430635+00:00] pizza.shop.commande.INFO: test [] []
[2024-02-09T01:03:20.398881+00:00] pizza.shop.commande.INFO: test [] []
[2024-02-09T01:03:45.175270+00:00] pizza.shop.commande.INFO: test [] []
[2024-02-09T01:04:00.845205+00:00] pizza.shop.commande.INFO: test [] []
[2024-02-09T01:04:28.771398+00:00] pizza.shop.commande.INFO: test [] []
[2024-02-09T01:04:52.800003+00:00] pizza.shop.commande.INFO: test [] []
[2024-02-09T01:23:20.599524+00:00] pizza.shop.commande.INFO: test [] []
[2024-02-09T01:23:20.650069+00:00] pizza.shop.commande.INFO: Nouvelle commande ajouter avec l'id abcfb08a-9683-49f2-ac52-19e690351a75 [] []
[2024-02-09T01:39:11.088450+00:00] pizza.shop.commande.INFO: test [] []
[2024-02-09T01:39:11.115911+00:00] pizza.shop.commande.INFO: Nouvelle commande ajouter avec l'id 72e10fd2-fb8f-48a6-b610-3cc087f0bc9f [] []
[2024-02-09T01:39:41.076834+00:00] pizza.shop.commande.INFO: test [] []
[2024-02-09T01:39:41.099502+00:00] pizza.shop.commande.INFO: Nouvelle commande ajouter avec l'id d77f4916-eb9a-4a17-826c-8c0a625e35a8 [] []
[2024-02-09T01:43:27.813633+00:00] pizza.shop.commande.INFO: test [] []
[2024-02-09T01:43:27.839529+00:00] pizza.shop.commande.INFO: Nouvelle commande ajouter avec l'id fd931f1d-135e-4ad8-b6ed-c8028b821fdf [] []
[2024-02-09T01:43:27.841628+00:00] pizza.shop.commande.INFO: L'item n° 2 a était associer à la commande avec l'id fd931f1d-135e-4ad8-b6ed-c8028b821fdf [] []
[2024-02-09T01:44:30.979438+00:00] pizza.shop.commande.INFO: test [] []
[2024-02-09T01:44:31.005445+00:00] pizza.shop.commande.INFO: Nouvelle commande ajouter avec l'id a1683a17-0749-45ce-8b7c-1a3bee831335 [] []
[2024-02-09T01:44:31.007400+00:00] pizza.shop.commande.INFO: L'item n° 2 a était associer à la commande avec l'id a1683a17-0749-45ce-8b7c-1a3bee831335 [] []
[2024-02-09T01:46:27.107427+00:00] pizza.shop.commande.INFO: test [] []
[2024-02-09T01:46:27.132658+00:00] pizza.shop.commande.INFO: Nouvelle commande ajouter avec l'id 66d856a3-6e9c-4bbe-a3ed-c18d541bd006 [] []
[2024-02-09T01:46:27.135003+00:00] pizza.shop.commande.INFO: L'item n° 2 a était associer à la commande avec l'id 66d856a3-6e9c-4bbe-a3ed-c18d541bd006 [] []
[2024-02-09T01:56:36.726838+00:00] pizza.shop.commande.INFO: test [] []
[2024-02-09T01:56:36.751283+00:00] pizza.shop.commande.INFO: Nouvelle commande ajouter avec l'id 6dddab49-69f8-4d90-b5d5-0647c65c7bb2 [] []
[2024-02-09T01:56:36.753723+00:00] pizza.shop.commande.INFO: L'item n° 2 a était associer à la commande avec l'id 6dddab49-69f8-4d90-b5d5-0647c65c7bb2 [] []
[2024-02-09T14:18:39.658756+00:00] pizza.shop.commande.INFO: test [] []
[2024-02-09T14:18:39.661583+00:00] pizza.shop.commande.INFO: test [] []
[2024-02-09T14:18:51.348128+00:00] pizza.shop.commande.INFO: test [] []
[2024-02-09T14:18:51.349359+00:00] pizza.shop.commande.INFO: test [] []
[2024-02-09T14:18:53.161307+00:00] pizza.shop.commande.INFO: test [] []
[2024-02-09T14:18:53.162663+00:00] pizza.shop.commande.INFO: test [] []
[2024-02-09T14:18:53.607700+00:00] pizza.shop.commande.INFO: test [] []
[2024-02-09T14:18:53.608851+00:00] pizza.shop.commande.INFO: test [] []
[2024-02-09T16:52:55.577205+00:00] pizza.shop.commande.INFO: test [] []
[2024-02-09T16:53:34.313757+00:00] pizza.shop.commande.INFO: test [] []
[2024-02-09T16:58:10.086758+00:00] pizza.shop.commande.INFO: test [] []
[2024-02-09T16:58:33.883388+00:00] pizza.shop.commande.INFO: test [] []
[2024-02-09T16:59:33.217601+00:00] pizza.shop.commande.INFO: test [] []
[2024-02-09T17:01:46.930861+00:00] pizza.shop.commande.INFO: test [] []
[2024-02-09T17:02:00.667952+00:00] pizza.shop.commande.INFO: test [] []
[2024-02-09T17:39:54.271683+00:00] pizza.shop.commande.INFO: test [] []
[2024-02-09T17:40:10.988301+00:00] pizza.shop.commande.INFO: test [] []
[2024-02-09T17:45:50.182546+00:00] pizza.shop.commande.INFO: test [] []
[2024-02-09T17:49:05.216654+00:00] pizza.shop.commande.INFO: test [] []
[2024-02-09T17:49:38.109854+00:00] pizza.shop.commande.INFO: test [] []
[2024-02-09T17:50:04.139864+00:00] pizza.shop.commande.INFO: test [] []
[2024-02-09T17:50:37.809612+00:00] pizza.shop.commande.INFO: test [] []
[2024-02-09T17:51:00.977854+00:00] pizza.shop.commande.INFO: test [] []
[2024-02-09T17:52:13.799956+00:00] pizza.shop.commande.INFO: test [] []
[2024-02-09T17:52:43.057892+00:00] pizza.shop.commande.INFO: test [] []
[2024-02-09T17:52:52.324827+00:00] pizza.shop.commande.INFO: test [] []
[2024-02-10T22:20:15.516790+00:00] pizza.shop.commande.INFO: test [] []
[2024-02-10T22:39:27.409907+00:00] pizza.shop.commande.INFO: test [] []
[2024-02-10T22:40:19.776930+00:00] pizza.shop.commande.INFO: test [] []
[2024-02-10T22:57:35.706602+00:00] pizza.shop.commande.INFO: test [] []
[2024-02-10T22:57:51.357415+00:00] pizza.shop.commande.INFO: test [] []
[2024-02-10T22:58:00.862486+00:00] pizza.shop.commande.INFO: test [] []
